This is pdfTeX, Version 3.14159265-2.6-1.40.19 (MiKTeX 2.9.6840 64-bit) (preloaded format=pdflatex 2018.10.29)  24 SEP 2023 23:37
entering extended mode
**./Untitled.tex
(Untitled.tex
LaTeX2e <2018-04-01> patch level 5
(copernicus.cls
Document Class: copernicus 2022/12/05 10.1.4 Copernicus papers

! LaTeX Error: File `iftex.sty' not found.

Type X to quit or <RETURN> to proceed,
or enter new name. (Default extension: sty)

Enter file name: 
! Emergency stop.
<read *> 
         
l.26 \newcommand
                *\@iflatexlater{\@ifl@t@r\fmtversion} 
Here is how much of TeX's memory you used:
 19 strings out of 492970
 457 string characters out of 3135854
 57253 words of memory out of 3000000
 3986 multiletter control sequences out of 15000+200000
 3640 words of font info for 14 fonts, out of 3000000 for 9000
 1141 hyphenation exceptions out of 8191
 17i,0n,10p,162b,8s stack positions out of 5000i,500n,10000p,200000b,50000s

!  ==> Fatal error occurred, no output PDF file produced!


! Unfortunately, the package iftex could not be installed.
! Please check the log file:
! C:\Users\Noelscher.M\AppData\Local\MiKTeX\2.9\miktex\log\pdflatex.log
